<?xml version="1.0" encoding="UTF-8"?>
<testng-results ignored="0" total="2" passed="2" failed="0" skipped="0">
  <reporter-output>
  </reporter-output>
  <suite started-at="2021-05-24T09:49:46Z" name="TestNG" finished-at="2021-05-24T09:49:50Z" duration-ms="3839">
    <groups>
    </groups>
    <test started-at="2021-05-24T09:49:46Z" name="RestAPIAutomation" finished-at="2021-05-24T09:49:50Z" duration-ms="3839">
      <class name="Tests.TestCase_001">
        <test-method is-config="true" signature="initialization()[pri:0, instance:Tests.TestCase_001@5b67bb7e]" started-at="2021-05-24T15:19:46Z" name="initialization" finished-at="2021-05-24T15:19:46Z" duration-ms="473" status="PASS">
          <reporter-output>
          </reporter-output>
        </test-method> <!-- initialization -->
        <test-method signature="employeeDetail()[pri:0, instance:Tests.TestCase_001@5b67bb7e]" started-at="2021-05-24T15:19:46Z" name="employeeDetail" finished-at="2021-05-24T15:19:48Z" duration-ms="1726" status="PASS">
          <reporter-output>
          </reporter-output>
        </test-method> <!-- employeeDetail -->
        <test-method signature="deleteEmployeeDetails()[pri:1, instance:Tests.TestCase_001@5b67bb7e]" started-at="2021-05-24T15:19:48Z" name="deleteEmployeeDetails" finished-at="2021-05-24T15:19:50Z" duration-ms="1625" status="PASS">
          <reporter-output>
          </reporter-output>
        </test-method> <!-- deleteEmployeeDetails -->
      </class> <!-- Tests.TestCase_001 -->
    </test> <!-- RestAPIAutomation -->
  </suite> <!-- TestNG -->
</testng-results>
